Arguments: 
  C:\Program Files\nodejs\node.exe C:\Users\Eben\AppData\Roaming\npm\node_modules\yarn\bin\yarn.js run dev-server

PATH: 
  C:\ProgramData\Oracle\Java\javapath;C:\Program Files (x86)\Intel\iCLS Client\;C:\Program Files\Intel\iCLS Client\;C:\WINDOWS\system32;C:\WINDOWS;C:\WINDOWS\System32\Wbem;C:\WINDOWS\System32\WindowsPowerShell\v1.0\;C:\Program Files\Intel\Intel(R) Management Engine Components\DAL;C:\Program Files (x86)\Intel\Intel(R) Management Engine Components\DAL;C:\Program Files\Intel\Intel(R) Management Engine Components\IPT;C:\Program Files (x86)\Intel\Intel(R) Management Engine Components\IPT;C:\Program Files\Intel\WiFi\bin\;C:\Program Files\Common Files\Intel\WirelessCommon\;C:\Program Files (x86)\QuickTime\QTSystem\;C:\Program Files (x86)\Skype\Phone\;C:\Program Files\nodejs\;C:\Program Files (x86)\Brackets\command;C:\Program Files\Git\cmd;C:\WINDOWS\System32\OpenSSH\;C:\Users\Eben\AppData\Local\Microsoft\WindowsApps;C:\Users\Eben\AppData\Roaming\npm;C:\Users\Eben\AppData\Local\atom\bin;C:\Users\Eben\AppData\Local\GitHubDesktop\bin;C:\Program Files\heroku\bin;C:\Users\Eben\AppData\Local\Microsoft\WindowsApps;

Yarn version: 
  1.5.1

Node version: 
  8.9.4

Platform: 
  win32 x64

npm manifest: 
  {
    "name": "ocdevel",
    "version": "1.0.0",
    "description": "",
    "scripts": {
      "server": "node ./server.js",
      "dev-server": "webpack-dev-server",
      "client": "react-scripts start",
      "build": "react-scripts build",
      "podcast": "pushd public/files/podcasts && node generate.js && popd",
      "eject": "react-scripts eject"
    },
    "devDependencies": {
      "@fortawesome/fontawesome": "^1.1.3",
      "@fortawesome/fontawesome-free-brands": "^5.0.6",
      "@fortawesome/react-fontawesome": "0.0.17",
      "react": "^15.4.2",
      "react-bootstrap": "^0.30.7",
      "react-dom": "^15.4.2",
      "react-markdown": "^2.4.4",
      "react-parallax": "^0.4.2",
      "react-router": "^3.0.2",
      "react-router-bootstrap": "^0.23.3",
      "react-scripts": "0.8.5",
      "webpack-dev-server": "^3.1.4"
    },
    "dependencies": {
      "@fortawesome/fontawesome-free-solid": "^5.0.13",
      "body-parser": "^1.15.0",
      "cors": "^2.7.1",
      "express": "^4.13.4",
      "lodash": "^4.17.4",
      "moment": "^2.17.1",
      "nconf": "^0.8.4",
      "nodemailer": "^2.3.0",
      "react-disqus-thread": "^0.4.0",
      "react-ga": "^2.1.2",
      "superagent": "^1.8.3"
    }
  }

yarn manifest: 
  No manifest

Lockfile: 
  No lockfile

Trace: 
  Error: Command failed.
  Exit code: 1
  Command: C:\WINDOWS\system32\cmd.exe
  Arguments: /d /s /c webpack-dev-server
  Directory: C:\Users\Eben\Desktop\Pro-Projects\ocdevel
  Output:
  
      at ProcessTermError.MessageError (C:\Users\Eben\AppData\Roaming\npm\node_modules\yarn\lib\cli.js:186:110)
      at new ProcessTermError (C:\Users\Eben\AppData\Roaming\npm\node_modules\yarn\lib\cli.js:226:113)
      at ChildProcess.<anonymous> (C:\Users\Eben\AppData\Roaming\npm\node_modules\yarn\lib\cli.js:30281:17)
      at emitTwo (events.js:126:13)
      at ChildProcess.emit (events.js:214:7)
      at maybeClose (internal/child_process.js:925:16)
      at Process.ChildProcess._handle.onexit (internal/child_process.js:209:5)
